13:52:48 freenode http://kodingen.com
13:52:48 freenode http://freenode.net/pdpc.shtml
13:52:48 freenode http://freenode.net
13:52:48 freenode http://freenode.net/policy.shtml
13:52:48 freenode http://www.fosscon.org
13:52:48 freenode http://www.fossevents.org
13:52:48 freenode http://geeknic.org
13:52:48 freenode http://freenode.net/pdpc_donations.shtml
13:52:48 freenode http://blog.freenode.net/2010/11/be-safe-out-there/
13:52:54 #salt http://saltstack.org/
13:52:54 #salt http://irclog.perlgeek.de/salt/"
13:54:01 #vagrant http://vagrantup.com
13:54:01 #vagrant http://freenode.net/faq.shtml#nicksetup
13:54:18 #monitoringsucks http://github.com/monitoringsucks/
14:08:06 freenode http://kodingen.com
14:08:06 freenode http://freenode.net/pdpc.shtml
14:08:06 freenode http://freenode.net
14:08:06 freenode http://freenode.net/policy.shtml
14:08:06 freenode http://www.fosscon.org
14:08:06 freenode http://www.fossevents.org
14:08:06 freenode http://geeknic.org
14:08:06 freenode http://freenode.net/pdpc_donations.shtml
14:08:06 freenode http://blog.freenode.net/2010/11/be-safe-out-there/
14:08:12 #salt http://saltstack.org/
14:08:12 #salt http://irclog.perlgeek.de/salt/"
14:09:59 freenode http://kodingen.com
14:09:59 freenode http://freenode.net/pdpc.shtml
14:09:59 freenode http://freenode.net
14:09:59 freenode http://freenode.net/policy.shtml
14:09:59 freenode http://www.fosscon.org
14:09:59 freenode http://www.fossevents.org
14:09:59 freenode http://geeknic.org
14:09:59 freenode http://freenode.net/pdpc_donations.shtml
14:09:59 freenode http://blog.freenode.net/2010/11/be-safe-out-there/
14:10:05 #salt http://saltstack.org/
14:10:05 #salt http://irclog.perlgeek.de/salt/"
14:10:05 ##devops http://bit.ly/dBEQmN
14:10:05 ##devops http://groups.google.com/group/devops/
14:10:05 ##devops http://groups.google.com/group/devops-toolchain/
14:10:05 ##devops http://devopsdays.org/events/2012-italy/"
14:10:05 #vagrant http://vagrantup.com
14:10:06 #monitoringsucks http://github.com/monitoringsucks/
